Сборка начата 11.12.2022 14:39:34.
Уровень детализации журнала: Normal.     1>Проект "F:\fuckingFuck\ConsoleApplication1\ConsoleApplication1\ConsoleApplication1.vcxproj" в узле 2 (целевые объекты Build).
     1>InitializeBuildStatus:
         Обращение к "x64\Debug\ConsoleA.ec0bbe91.tlog\unsuccessfulbuild".
       ClCompile:
         C:\Program Files\Microsoft Visual Studio\2022\Community\VC\Tools\MSVC\14.33.31629\bin\HostX64\x64\CL.exe /c /ZI /JMC /nologo /W3 /WX- /diagnostics:column /sdl /Od /D _DEBUG /D _CONSOLE /D _UNICODE /D UNICODE /Gm- /EHsc /RTC1 /MDd /GS /fp:precise /Zc:wchar_t /Zc:forScope /Zc:inline /permissive- /Fo"x64\Debug\\" /Fd"x64\Debug\vc143.pdb" /external:W3 /Gd /TP /FC /errorReport:prompt ConsoleApplication1.cpp
         ConsoleApplication1.cpp
       Link:
         C:\Program Files\Microsoft Visual Studio\2022\Community\VC\Tools\MSVC\14.33.31629\bin\HostX64\x64\link.exe /ERRORREPORT:PROMPT /OUT:"F:\fuckingFuck\ConsoleApplication1\x64\Debug\ConsoleApplication1.exe" /INCREMENTAL /ILK:"x64\Debug\ConsoleApplication1.ilk" /NOLOGO kernel32.lib user32.lib gdi32.lib winspool.lib comdlg32.lib advapi32.lib shell32.lib ole32.lib oleaut32.lib uuid.lib odbc32.lib odbccp32.lib /MANIFEST /MANIFESTUAC:"level='asInvoker' uiAccess='false'" /manifest:embed /DEBUG /PDB:"F:\fuckingFuck\ConsoleApplication1\x64\Debug\ConsoleApplication1.pdb" /SUBSYSTEM:CONSOLE /TLBID:1 /DYNAMICBASE /NXCOMPAT /IMPLIB:"F:\fuckingFuck\ConsoleApplication1\x64\Debug\ConsoleApplication1.lib" /MACHINE:X64 x64\Debug\ConsoleApplication1.obj
     1>ConsoleApplication1.obj : error LNK2019: ссылка на неразрешенный внешний символ "int __cdecl app(void)" (?app@@YAHXZ) в функции main.
     1>F:\fuckingFuck\ConsoleApplication1\x64\Debug\ConsoleApplication1.exe : fatal error LNK1120: неразрешенных внешних элементов: 1
     1>Сборка проекта "F:\fuckingFuck\ConsoleApplication1\ConsoleApplication1\ConsoleApplication1.vcxproj" завершена (целевые объекты Build) с ошибкой.

Ошибка сборки.

       "F:\fuckingFuck\ConsoleApplication1\ConsoleApplication1\ConsoleApplication1.vcxproj" (целевой объект Build ) (1) ->
       (Целевой объект Link) -> 
         ConsoleApplication1.obj : error LNK2019: ссылка на неразрешенный внешний символ "int __cdecl app(void)" (?app@@YAHXZ) в функции main.
         F:\fuckingFuck\ConsoleApplication1\x64\Debug\ConsoleApplication1.exe : fatal error LNK1120: неразрешенных внешних элементов: 1

    Предупреждений: 0
    Ошибок: 2

Прошло времени 00:00:00.75
